Build started 2020/5/6 19:51:40.
     1>Project "E:\uic_structured\Assignment4\task2_recurFun\task2_recurFun.vcxproj" on node 2 (build target(s)).
     1>InitializeBuildStatus:
         Creating "Debug\task2_recurFun.unsuccessfulbuild" because "AlwaysCreate" was specified.
       ClCompile:
         D:\vs2010\VC\bin\CL.exe /c /ZI /nologo /W3 /WX- /Od /Oy- /D WIN32 /D _DEBUG /D _CONSOLE /D _UNICODE /D UNICODE /Gm /EHsc /RTC1 /MDd /GS /fp:precise /Zc:wchar_t /Zc:forScope /Fo"Debug\\" /Fd"Debug\vc100.pdb" /Gd /TP /analyze- /errorReport:prompt task2_recurFun.cpp
         task2_recurFun.cpp
       ManifestResourceCompile:
         C:\Program Files (x86)\Microsoft SDKs\Windows\v7.0A\bin\rc.exe /nologo /fo"Debug\task2_recurFun.exe.embed.manifest.res" Debug\task2_recurFun_manifest.rc 
       Link:
         D:\vs2010\VC\bin\link.exe /ERRORREPORT:PROMPT /OUT:"E:\uic_structured\Assignment4\Debug\task2_recurFun.exe" /INCREMENTAL /NOLOGO kernel32.lib user32.lib gdi32.lib winspool.lib comdlg32.lib advapi32.lib shell32.lib ole32.lib oleaut32.lib uuid.lib odbc32.lib odbccp32.lib /MANIFEST /ManifestFile:"Debug\task2_recurFun.exe.intermediate.manifest" /MANIFESTUAC:"level='asInvoker' uiAccess='false'" /DEBUG /PDB:"E:\uic_structured\Assignment4\Debug\task2_recurFun.pdb" /SUBSYSTEM:CONSOLE /TLBID:1 /DYNAMICBASE /NXCOMPAT /IMPLIB:"E:\uic_structured\Assignment4\Debug\task2_recurFun.lib" /MACHINE:X86 Debug\task2_recurFun.exe.embed.manifest.res
         Debug\task2_recurFun.obj
       Manifest:
         C:\Program Files (x86)\Microsoft SDKs\Windows\v7.0A\bin\mt.exe /nologo /verbose /out:"Debug\task2_recurFun.exe.embed.manifest" /manifest Debug\task2_recurFun.exe.intermediate.manifest
         C:\Program Files (x86)\Microsoft SDKs\Windows\v7.0A\bin\rc.exe /nologo /fo"Debug\task2_recurFun.exe.embed.manifest.res" Debug\task2_recurFun_manifest.rc 
       LinkEmbedManifest:
         D:\vs2010\VC\bin\link.exe /ERRORREPORT:PROMPT /OUT:"E:\uic_structured\Assignment4\Debug\task2_recurFun.exe" /INCREMENTAL /NOLOGO kernel32.lib user32.lib gdi32.lib winspool.lib comdlg32.lib advapi32.lib shell32.lib ole32.lib oleaut32.lib uuid.lib odbc32.lib odbccp32.lib /MANIFEST /ManifestFile:"Debug\task2_recurFun.exe.intermediate.manifest" /MANIFESTUAC:"level='asInvoker' uiAccess='false'" /DEBUG /PDB:"E:\uic_structured\Assignment4\Debug\task2_recurFun.pdb" /SUBSYSTEM:CONSOLE /TLBID:1 /DYNAMICBASE /NXCOMPAT /IMPLIB:"E:\uic_structured\Assignment4\Debug\task2_recurFun.lib" /MACHINE:X86 Debug\task2_recurFun.exe.embed.manifest.res
         Debug\task2_recurFun.obj
         task2_recurFun.vcxproj -> E:\uic_structured\Assignment4\Debug\task2_recurFun.exe
       FinalizeBuildStatus:
         Deleting file "Debug\task2_recurFun.unsuccessfulbuild".
         Touching "Debug\task2_recurFun.lastbuildstate".
     1>Done Building Project "E:\uic_structured\Assignment4\task2_recurFun\task2_recurFun.vcxproj" (build target(s)).

Build succeeded.

Time Elapsed 00:00:01.04
