E:\UIC_STRUCTURED\GROUPPROJECTFINAL\DEBUG\GROUPPROJECTFINAL.EXE
E:\UIC_STRUCTURED\GROUPPROJECTFINAL\DEBUG\GROUPPROJECTFINAL.ILK
E:\UIC_STRUCTURED\GROUPPROJECTFINAL\DEBUG\GROUPPROJECTFINAL.PDB
E:\uic_structured\GroupProjectFinal\GroupProjectFinal\Debug\cl.command.1.tlog
E:\uic_structured\GroupProjectFinal\GroupProjectFinal\Debug\CL.read.1.tlog
E:\uic_structured\GroupProjectFinal\GroupProjectFinal\Debug\CL.write.1.tlog
E:\UIC_STRUCTURED\GROUPPROJECTFINAL\GROUPPROJECTFINAL\DEBUG\GROUPPROJECTFINAL.EXE.EMBED.MANIFEST
E:\UIC_STRUCTURED\GROUPPROJECTFINAL\GROUPPROJECTFINAL\DEBUG\GROUPPROJECTFINAL.EXE.EMBED.MANIFEST.RES
E:\UIC_STRUCTURED\GROUPPROJECTFINAL\GROUPPROJECTFINAL\DEBUG\GROUPPROJECTFINAL.EXE.INTERMEDIATE.MANIFEST
E:\UIC_STRUCTURED\GROUPPROJECTFINAL\GROUPPROJECTFINAL\DEBUG\GROUPPROJECTFINAL.OBJ
E:\uic_structured\GroupProjectFinal\GroupProjectFinal\Debug\GroupProjectFinal.vcxprojResolveAssemblyReference.cache
E:\uic_structured\GroupProjectFinal\GroupProjectFinal\Debug\GroupProjectFinal.write.1.tlog
E:\uic_structured\GroupProjectFinal\GroupProjectFinal\Debug\GroupProjectFinal_manifest.rc
E:\uic_structured\GroupProjectFinal\GroupProjectFinal\Debug\link.21068.read.1.tlog
E:\uic_structured\GroupProjectFinal\GroupProjectFinal\Debug\link.21068.write.1.tlog
E:\uic_structured\GroupProjectFinal\GroupProjectFinal\Debug\link.21068-cvtres.read.1.tlog
E:\uic_structured\GroupProjectFinal\GroupProjectFinal\Debug\link.21068-cvtres.write.1.tlog
E:\uic_structured\GroupProjectFinal\GroupProjectFinal\Debug\link.command.1.tlog
E:\uic_structured\GroupProjectFinal\GroupProjectFinal\Debug\link.read.1.tlog
E:\uic_structured\GroupProjectFinal\GroupProjectFinal\Debug\link.write.1.tlog
E:\uic_structured\GroupProjectFinal\GroupProjectFinal\Debug\link-cvtres.read.1.tlog
E:\uic_structured\GroupProjectFinal\GroupProjectFinal\Debug\link-cvtres.write.1.tlog
E:\uic_structured\GroupProjectFinal\GroupProjectFinal\Debug\mt.command.1.tlog
E:\uic_structured\GroupProjectFinal\GroupProjectFinal\Debug\mt.read.1.tlog
E:\uic_structured\GroupProjectFinal\GroupProjectFinal\Debug\mt.write.1.tlog
E:\uic_structured\GroupProjectFinal\GroupProjectFinal\Debug\rc.command.1.tlog
E:\uic_structured\GroupProjectFinal\GroupProjectFinal\Debug\rc.read.1.tlog
E:\uic_structured\GroupProjectFinal\GroupProjectFinal\Debug\rc.write.1.tlog
E:\uic_structured\GroupProjectFinal\GroupProjectFinal\Debug\vc100.idb
E:\UIC_STRUCTURED\GROUPPROJECTFINAL\GROUPPROJECTFINAL\DEBUG\VC100.PDB
