Build started 2020/5/19 23:46:58.
     1>Project "E:\uic_structured\GroupProjectFinal\GroupProjectFinal\GroupProjectFinal.vcxproj" on node 2 (build target(s)).
     1>InitializeBuildStatus:
         Creating "Debug\GroupProjectFinal.unsuccessfulbuild" because "AlwaysCreate" was specified.
       ClCompile:
         D:\vs2010\VC\bin\CL.exe /c /ZI /nologo /W3 /WX- /Od /Oy- /D WIN32 /D _DEBUG /D _CONSOLE /D _UNICODE /D UNICODE /Gm /EHsc /RTC1 /MDd /GS /fp:precise /Zc:wchar_t /Zc:forScope /Fo"Debug\\" /Fd"Debug\vc100.pdb" /Gd /TP /analyze- /errorReport:prompt GroupProjectFinal.cpp
         GroupProjectFinal.cpp
     1>e:\uic_structured\groupprojectfinal\groupprojectfinal\groupprojectfinal.cpp(77): warning C4101: 'math' : unreferenced local variable
     1>e:\uic_structured\groupprojectfinal\groupprojectfinal\groupprojectfinal.cpp(157): warning C4101: 'num' : unreferenced local variable
     1>e:\uic_structured\groupprojectfinal\groupprojectfinal\groupprojectfinal.cpp(156): warning C4101: 'name' : unreferenced local variable
     1>e:\uic_structured\groupprojectfinal\groupprojectfinal\groupprojectfinal.cpp(203): warning C4101: 'j' : unreferenced local variable
     1>e:\uic_structured\groupprojectfinal\groupprojectfinal\groupprojectfinal.cpp(390): warning C4244: '=' : conversion from 'double' to 'int', possible loss of data
       ManifestResourceCompile:
         All outputs are up-to-date.
       Link:
         D:\vs2010\VC\bin\link.exe /ERRORREPORT:PROMPT /OUT:"E:\uic_structured\GroupProjectFinal\Debug\GroupProjectFinal.exe" /INCREMENTAL /NOLOGO kernel32.lib user32.lib gdi32.lib winspool.lib comdlg32.lib advapi32.lib shell32.lib ole32.lib oleaut32.lib uuid.lib odbc32.lib odbccp32.lib /MANIFEST /ManifestFile:"Debug\GroupProjectFinal.exe.intermediate.manifest" /MANIFESTUAC:"level='asInvoker' uiAccess='false'" /DEBUG /PDB:"E:\uic_structured\GroupProjectFinal\Debug\GroupProjectFinal.pdb" /SUBSYSTEM:CONSOLE /TLBID:1 /DYNAMICBASE /NXCOMPAT /IMPLIB:"E:\uic_structured\GroupProjectFinal\Debug\GroupProjectFinal.lib" /MACHINE:X86 Debug\GroupProjectFinal.exe.embed.manifest.res
         Debug\GroupProjectFinal.obj
       Manifest:
         C:\Program Files (x86)\Microsoft SDKs\Windows\v7.0A\bin\mt.exe /nologo /verbose /out:"Debug\GroupProjectFinal.exe.embed.manifest" /manifest Debug\GroupProjectFinal.exe.intermediate.manifest
         All outputs are up-to-date.
       LinkEmbedManifest:
         All outputs are up-to-date.
         GroupProjectFinal.vcxproj -> E:\uic_structured\GroupProjectFinal\Debug\GroupProjectFinal.exe
       FinalizeBuildStatus:
         Deleting file "Debug\GroupProjectFinal.unsuccessfulbuild".
         Touching "Debug\GroupProjectFinal.lastbuildstate".
     1>Done Building Project "E:\uic_structured\GroupProjectFinal\GroupProjectFinal\GroupProjectFinal.vcxproj" (build target(s)).

Build succeeded.

Time Elapsed 00:00:01.45
