Build started 2020/3/30 18:46:45.
     1>Project "E:\uic_structured\Assignment2\Q1_Draw\Q1_Draw.vcxproj" on node 2 (build target(s)).
     1>PrepareForBuild:
         Creating directory "E:\uic_structured\Assignment2\Debug\".
       InitializeBuildStatus:
         Creating "Debug\Q1_Draw.unsuccessfulbuild" because "AlwaysCreate" was specified.
       ClCompile:
         D:\vs2010\VC\bin\CL.exe /c /ZI /nologo /W3 /WX- /Od /Oy- /D WIN32 /D _DEBUG /D _CONSOLE /D _UNICODE /D UNICODE /Gm /EHsc /RTC1 /MDd /GS /fp:precise /Zc:wchar_t /Zc:forScope /Fo"Debug\\" /Fd"Debug\vc100.pdb" /Gd /TP /analyze- /errorReport:prompt Q1_Draw.cpp
         Q1_Draw.cpp
       ManifestResourceCompile:
         C:\Program Files (x86)\Microsoft SDKs\Windows\v7.0A\bin\rc.exe /nologo /fo"Debug\Q1_Draw.exe.embed.manifest.res" Debug\Q1_Draw_manifest.rc 
       Link:
         D:\vs2010\VC\bin\link.exe /ERRORREPORT:PROMPT /OUT:"E:\uic_structured\Assignment2\Debug\Q1_Draw.exe" /INCREMENTAL /NOLOGO kernel32.lib user32.lib gdi32.lib winspool.lib comdlg32.lib advapi32.lib shell32.lib ole32.lib oleaut32.lib uuid.lib odbc32.lib odbccp32.lib /MANIFEST /ManifestFile:"Debug\Q1_Draw.exe.intermediate.manifest" /MANIFESTUAC:"level='asInvoker' uiAccess='false'" /DEBUG /PDB:"E:\uic_structured\Assignment2\Debug\Q1_Draw.pdb" /SUBSYSTEM:CONSOLE /TLBID:1 /DYNAMICBASE /NXCOMPAT /IMPLIB:"E:\uic_structured\Assignment2\Debug\Q1_Draw.lib" /MACHINE:X86 Debug\Q1_Draw.exe.embed.manifest.res
         Debug\Q1_Draw.obj
       Manifest:
         C:\Program Files (x86)\Microsoft SDKs\Windows\v7.0A\bin\mt.exe /nologo /verbose /out:"Debug\Q1_Draw.exe.embed.manifest" /manifest Debug\Q1_Draw.exe.intermediate.manifest
         C:\Program Files (x86)\Microsoft SDKs\Windows\v7.0A\bin\rc.exe /nologo /fo"Debug\Q1_Draw.exe.embed.manifest.res" Debug\Q1_Draw_manifest.rc 
       LinkEmbedManifest:
         D:\vs2010\VC\bin\link.exe /ERRORREPORT:PROMPT /OUT:"E:\uic_structured\Assignment2\Debug\Q1_Draw.exe" /INCREMENTAL /NOLOGO kernel32.lib user32.lib gdi32.lib winspool.lib comdlg32.lib advapi32.lib shell32.lib ole32.lib oleaut32.lib uuid.lib odbc32.lib odbccp32.lib /MANIFEST /ManifestFile:"Debug\Q1_Draw.exe.intermediate.manifest" /MANIFESTUAC:"level='asInvoker' uiAccess='false'" /DEBUG /PDB:"E:\uic_structured\Assignment2\Debug\Q1_Draw.pdb" /SUBSYSTEM:CONSOLE /TLBID:1 /DYNAMICBASE /NXCOMPAT /IMPLIB:"E:\uic_structured\Assignment2\Debug\Q1_Draw.lib" /MACHINE:X86 Debug\Q1_Draw.exe.embed.manifest.res
         Debug\Q1_Draw.obj
         Q1_Draw.vcxproj -> E:\uic_structured\Assignment2\Debug\Q1_Draw.exe
       FinalizeBuildStatus:
         Deleting file "Debug\Q1_Draw.unsuccessfulbuild".
         Touching "Debug\Q1_Draw.lastbuildstate".
     1>Done Building Project "E:\uic_structured\Assignment2\Q1_Draw\Q1_Draw.vcxproj" (build target(s)).

Build succeeded.

Time Elapsed 00:00:02.80
