Build started 2020/5/6 19:53:46.
     1>Project "E:\uic_structured\Assignment4\task4_strchar\task4_strchar.vcxproj" on node 2 (build target(s)).
     1>InitializeBuildStatus:
         Creating "Debug\task3_strchar.unsuccessfulbuild" because "AlwaysCreate" was specified.
       ClCompile:
         D:\vs2010\VC\bin\CL.exe /c /ZI /nologo /W3 /WX- /Od /Oy- /D WIN32 /D _DEBUG /D _CONSOLE /D _UNICODE /D UNICODE /Gm /EHsc /RTC1 /MDd /GS /fp:precise /Zc:wchar_t /Zc:forScope /Fo"Debug\\" /Fd"Debug\vc100.pdb" /Gd /TP /analyze- /errorReport:prompt task3_strchar.cpp
         task3_strchar.cpp
     1>e:\uic_structured\assignment4\task4_strchar\task3_strchar.cpp(22): warning C4996: 'gets': This function or variable may be unsafe. Consider using gets_s instead. To disable deprecation, use _CRT_SECURE_NO_WARNINGS. See online help for details.
                 d:\vs2010\vc\include\stdio.h(277) : see declaration of 'gets'
     1>e:\uic_structured\assignment4\task4_strchar\task3_strchar.cpp(25): warning C4996: 'scanf': This function or variable may be unsafe. Consider using scanf_s instead. To disable deprecation, use _CRT_SECURE_NO_WARNINGS. See online help for details.
                 d:\vs2010\vc\include\stdio.h(304) : see declaration of 'scanf'
       ManifestResourceCompile:
         C:\Program Files (x86)\Microsoft SDKs\Windows\v7.0A\bin\rc.exe /nologo /fo"Debug\task3_strchar.exe.embed.manifest.res" Debug\task3_strchar_manifest.rc 
       Link:
         D:\vs2010\VC\bin\link.exe /ERRORREPORT:PROMPT /OUT:"E:\uic_structured\Assignment4\Debug\task3_strchar.exe" /INCREMENTAL /NOLOGO kernel32.lib user32.lib gdi32.lib winspool.lib comdlg32.lib advapi32.lib shell32.lib ole32.lib oleaut32.lib uuid.lib odbc32.lib odbccp32.lib /MANIFEST /ManifestFile:"Debug\task3_strchar.exe.intermediate.manifest" /MANIFESTUAC:"level='asInvoker' uiAccess='false'" /DEBUG /PDB:"E:\uic_structured\Assignment4\Debug\task3_strchar.pdb" /SUBSYSTEM:CONSOLE /TLBID:1 /DYNAMICBASE /NXCOMPAT /IMPLIB:"E:\uic_structured\Assignment4\Debug\task3_strchar.lib" /MACHINE:X86 Debug\task3_strchar.exe.embed.manifest.res
         Debug\task3_strchar.obj
       Manifest:
         C:\Program Files (x86)\Microsoft SDKs\Windows\v7.0A\bin\mt.exe /nologo /verbose /out:"Debug\task3_strchar.exe.embed.manifest" /manifest Debug\task3_strchar.exe.intermediate.manifest
         C:\Program Files (x86)\Microsoft SDKs\Windows\v7.0A\bin\rc.exe /nologo /fo"Debug\task3_strchar.exe.embed.manifest.res" Debug\task3_strchar_manifest.rc 
       LinkEmbedManifest:
         D:\vs2010\VC\bin\link.exe /ERRORREPORT:PROMPT /OUT:"E:\uic_structured\Assignment4\Debug\task3_strchar.exe" /INCREMENTAL /NOLOGO kernel32.lib user32.lib gdi32.lib winspool.lib comdlg32.lib advapi32.lib shell32.lib ole32.lib oleaut32.lib uuid.lib odbc32.lib odbccp32.lib /MANIFEST /ManifestFile:"Debug\task3_strchar.exe.intermediate.manifest" /MANIFESTUAC:"level='asInvoker' uiAccess='false'" /DEBUG /PDB:"E:\uic_structured\Assignment4\Debug\task3_strchar.pdb" /SUBSYSTEM:CONSOLE /TLBID:1 /DYNAMICBASE /NXCOMPAT /IMPLIB:"E:\uic_structured\Assignment4\Debug\task3_strchar.lib" /MACHINE:X86 Debug\task3_strchar.exe.embed.manifest.res
         Debug\task3_strchar.obj
         task4_strchar.vcxproj -> E:\uic_structured\Assignment4\Debug\task3_strchar.exe
       FinalizeBuildStatus:
         Deleting file "Debug\task3_strchar.unsuccessfulbuild".
         Touching "Debug\task3_strchar.lastbuildstate".
     1>Done Building Project "E:\uic_structured\Assignment4\task4_strchar\task4_strchar.vcxproj" (build target(s)).

Build succeeded.

Time Elapsed 00:00:00.97
