Build started 2020/5/6 19:49:47.
     1>Project "E:\uic_structured\Assignment4\task1_insertNum\task1_insertNum.vcxproj" on node 2 (build target(s)).
     1>PrepareForBuild:
         Creating directory "E:\uic_structured\Assignment4\Debug\".
       InitializeBuildStatus:
         Creating "Debug\task1_insertNum.unsuccessfulbuild" because "AlwaysCreate" was specified.
       ClCompile:
         D:\vs2010\VC\bin\CL.exe /c /ZI /nologo /W3 /WX- /Od /Oy- /D WIN32 /D _DEBUG /D _CONSOLE /D _UNICODE /D UNICODE /Gm /EHsc /RTC1 /MDd /GS /fp:precise /Zc:wchar_t /Zc:forScope /Fo"Debug\\" /Fd"Debug\vc100.pdb" /Gd /TP /analyze- /errorReport:prompt task1_insertNum.cpp
         task1_insertNum.cpp
     1>e:\uic_structured\assignment4\task1_insertnum\task1_insertnum.cpp(19): warning C4996: 'scanf': This function or variable may be unsafe. Consider using scanf_s instead. To disable deprecation, use _CRT_SECURE_NO_WARNINGS. See online help for details.
                 d:\vs2010\vc\include\stdio.h(304) : see declaration of 'scanf'
     1>e:\uic_structured\assignment4\task1_insertnum\task1_insertnum.cpp(25): warning C4996: 'scanf': This function or variable may be unsafe. Consider using scanf_s instead. To disable deprecation, use _CRT_SECURE_NO_WARNINGS. See online help for details.
                 d:\vs2010\vc\include\stdio.h(304) : see declaration of 'scanf'
       ManifestResourceCompile:
         C:\Program Files (x86)\Microsoft SDKs\Windows\v7.0A\bin\rc.exe /nologo /fo"Debug\task1_insertNum.exe.embed.manifest.res" Debug\task1_insertNum_manifest.rc 
       Link:
         D:\vs2010\VC\bin\link.exe /ERRORREPORT:PROMPT /OUT:"E:\uic_structured\Assignment4\Debug\task1_insertNum.exe" /INCREMENTAL /NOLOGO kernel32.lib user32.lib gdi32.lib winspool.lib comdlg32.lib advapi32.lib shell32.lib ole32.lib oleaut32.lib uuid.lib odbc32.lib odbccp32.lib /MANIFEST /ManifestFile:"Debug\task1_insertNum.exe.intermediate.manifest" /MANIFESTUAC:"level='asInvoker' uiAccess='false'" /DEBUG /PDB:"E:\uic_structured\Assignment4\Debug\task1_insertNum.pdb" /SUBSYSTEM:CONSOLE /TLBID:1 /DYNAMICBASE /NXCOMPAT /IMPLIB:"E:\uic_structured\Assignment4\Debug\task1_insertNum.lib" /MACHINE:X86 Debug\task1_insertNum.exe.embed.manifest.res
         Debug\task1_insertNum.obj
       Manifest:
         C:\Program Files (x86)\Microsoft SDKs\Windows\v7.0A\bin\mt.exe /nologo /verbose /out:"Debug\task1_insertNum.exe.embed.manifest" /manifest Debug\task1_insertNum.exe.intermediate.manifest
         C:\Program Files (x86)\Microsoft SDKs\Windows\v7.0A\bin\rc.exe /nologo /fo"Debug\task1_insertNum.exe.embed.manifest.res" Debug\task1_insertNum_manifest.rc 
       LinkEmbedManifest:
         D:\vs2010\VC\bin\link.exe /ERRORREPORT:PROMPT /OUT:"E:\uic_structured\Assignment4\Debug\task1_insertNum.exe" /INCREMENTAL /NOLOGO kernel32.lib user32.lib gdi32.lib winspool.lib comdlg32.lib advapi32.lib shell32.lib ole32.lib oleaut32.lib uuid.lib odbc32.lib odbccp32.lib /MANIFEST /ManifestFile:"Debug\task1_insertNum.exe.intermediate.manifest" /MANIFESTUAC:"level='asInvoker' uiAccess='false'" /DEBUG /PDB:"E:\uic_structured\Assignment4\Debug\task1_insertNum.pdb" /SUBSYSTEM:CONSOLE /TLBID:1 /DYNAMICBASE /NXCOMPAT /IMPLIB:"E:\uic_structured\Assignment4\Debug\task1_insertNum.lib" /MACHINE:X86 Debug\task1_insertNum.exe.embed.manifest.res
         Debug\task1_insertNum.obj
         task1_insertNum.vcxproj -> E:\uic_structured\Assignment4\Debug\task1_insertNum.exe
       FinalizeBuildStatus:
         Deleting file "Debug\task1_insertNum.unsuccessfulbuild".
         Touching "Debug\task1_insertNum.lastbuildstate".
     1>Done Building Project "E:\uic_structured\Assignment4\task1_insertNum\task1_insertNum.vcxproj" (build target(s)).

Build succeeded.

Time Elapsed 00:00:03.91
