Build started 2020/2/17 16:57:32.
     1>Project "E:\uic_structured\Lab 1\lesson1\lesson1\lesson1.vcxproj" on node 2 (build target(s)).
     1>PrepareForBuild:
         Creating directory "E:\uic_structured\Lab 1\lesson1\Debug\".
       InitializeBuildStatus:
         Creating "Debug\lesson1.unsuccessfulbuild" because "AlwaysCreate" was specified.
       ClCompile:
         D:\vs2010\VC\bin\CL.exe /c /ZI /nologo /W3 /WX- /Od /Oy- /D WIN32 /D _DEBUG /D _CONSOLE /D _UNICODE /D UNICODE /Gm /EHsc /RTC1 /MDd /GS /fp:precise /Zc:wchar_t /Zc:forScope /Fo"Debug\\" /Fd"Debug\vc100.pdb" /Gd /TP /analyze- /errorReport:prompt lesson1.cpp
         lesson1.cpp
       ManifestResourceCompile:
         C:\Program Files (x86)\Microsoft SDKs\Windows\v7.0A\bin\rc.exe /nologo /fo"Debug\lesson1.exe.embed.manifest.res" Debug\lesson1_manifest.rc 
       Link:
         D:\vs2010\VC\bin\link.exe /ERRORREPORT:PROMPT /OUT:"E:\uic_structured\Lab 1\lesson1\Debug\lesson1.exe" /INCREMENTAL /NOLOGO kernel32.lib user32.lib gdi32.lib winspool.lib comdlg32.lib advapi32.lib shell32.lib ole32.lib oleaut32.lib uuid.lib odbc32.lib odbccp32.lib /MANIFEST /ManifestFile:"Debug\lesson1.exe.intermediate.manifest" /MANIFESTUAC:"level='asInvoker' uiAccess='false'" /DEBUG /PDB:"E:\uic_structured\Lab 1\lesson1\Debug\lesson1.pdb" /SUBSYSTEM:CONSOLE /TLBID:1 /DYNAMICBASE /NXCOMPAT /IMPLIB:"E:\uic_structured\Lab 1\lesson1\Debug\lesson1.lib" /MACHINE:X86 Debug\lesson1.exe.embed.manifest.res
         Debug\lesson1.obj
       Manifest:
         C:\Program Files (x86)\Microsoft SDKs\Windows\v7.0A\bin\mt.exe /nologo /verbose /out:"Debug\lesson1.exe.embed.manifest" /manifest Debug\lesson1.exe.intermediate.manifest
         C:\Program Files (x86)\Microsoft SDKs\Windows\v7.0A\bin\rc.exe /nologo /fo"Debug\lesson1.exe.embed.manifest.res" Debug\lesson1_manifest.rc 
       LinkEmbedManifest:
         D:\vs2010\VC\bin\link.exe /ERRORREPORT:PROMPT /OUT:"E:\uic_structured\Lab 1\lesson1\Debug\lesson1.exe" /INCREMENTAL /NOLOGO kernel32.lib user32.lib gdi32.lib winspool.lib comdlg32.lib advapi32.lib shell32.lib ole32.lib oleaut32.lib uuid.lib odbc32.lib odbccp32.lib /MANIFEST /ManifestFile:"Debug\lesson1.exe.intermediate.manifest" /MANIFESTUAC:"level='asInvoker' uiAccess='false'" /DEBUG /PDB:"E:\uic_structured\Lab 1\lesson1\Debug\lesson1.pdb" /SUBSYSTEM:CONSOLE /TLBID:1 /DYNAMICBASE /NXCOMPAT /IMPLIB:"E:\uic_structured\Lab 1\lesson1\Debug\lesson1.lib" /MACHINE:X86 Debug\lesson1.exe.embed.manifest.res
         Debug\lesson1.obj
         lesson1.vcxproj -> E:\uic_structured\Lab 1\lesson1\Debug\lesson1.exe
       FinalizeBuildStatus:
         Deleting file "Debug\lesson1.unsuccessfulbuild".
         Touching "Debug\lesson1.lastbuildstate".
     1>Done Building Project "E:\uic_structured\Lab 1\lesson1\lesson1\lesson1.vcxproj" (build target(s)).

Build succeeded.

Time Elapsed 00:00:01.80
