Build started 2020/4/9 11:29:39.
     1>Project "E:\uic_structured\Lab8\task2\task2.vcxproj" on node 2 (build target(s)).
     1>InitializeBuildStatus:
         Touching "Debug\task2.unsuccessfulbuild".
       ClCompile:
         D:\vs2010\VC\bin\CL.exe /c /ZI /nologo /W3 /WX- /Od /Oy- /D WIN32 /D _DEBUG /D _CONSOLE /D _UNICODE /D UNICODE /Gm /EHsc /RTC1 /MDd /GS /fp:precise /Zc:wchar_t /Zc:forScope /Fo"Debug\\" /Fd"Debug\vc100.pdb" /Gd /TP /analyze- /errorReport:prompt task2.cpp
         task2.cpp
     1>e:\uic_structured\lab8\task2\task2.cpp(50): warning C4996: 'strcpy': This function or variable may be unsafe. Consider using strcpy_s instead. To disable deprecation, use _CRT_SECURE_NO_WARNINGS. See online help for details.
                 d:\vs2010\vc\include\string.h(105) : see declaration of 'strcpy'
     1>e:\uic_structured\lab8\task2\task2.cpp(51): warning C4996: 'strcat': This function or variable may be unsafe. Consider using strcat_s instead. To disable deprecation, use _CRT_SECURE_NO_WARNINGS. See online help for details.
                 d:\vs2010\vc\include\string.h(110) : see declaration of 'strcat'
       ManifestResourceCompile:
         All outputs are up-to-date.
       Link:
         D:\vs2010\VC\bin\link.exe /ERRORREPORT:PROMPT /OUT:"E:\uic_structured\Lab8\Debug\task2.exe" /INCREMENTAL /NOLOGO kernel32.lib user32.lib gdi32.lib winspool.lib comdlg32.lib advapi32.lib shell32.lib ole32.lib oleaut32.lib uuid.lib odbc32.lib odbccp32.lib /MANIFEST /ManifestFile:"Debug\task2.exe.intermediate.manifest" /MANIFESTUAC:"level='asInvoker' uiAccess='false'" /DEBUG /PDB:"E:\uic_structured\Lab8\Debug\task2.pdb" /SUBSYSTEM:CONSOLE /TLBID:1 /DYNAMICBASE /NXCOMPAT /IMPLIB:"E:\uic_structured\Lab8\Debug\task2.lib" /MACHINE:X86 Debug\task2.exe.embed.manifest.res
         Debug\task2.obj
       Manifest:
         C:\Program Files (x86)\Microsoft SDKs\Windows\v7.0A\bin\mt.exe /nologo /verbose /out:"Debug\task2.exe.embed.manifest" /manifest Debug\task2.exe.intermediate.manifest
         All outputs are up-to-date.
       LinkEmbedManifest:
         All outputs are up-to-date.
         task2.vcxproj -> E:\uic_structured\Lab8\Debug\task2.exe
       FinalizeBuildStatus:
         Deleting file "Debug\task2.unsuccessfulbuild".
         Touching "Debug\task2.lastbuildstate".
     1>Done Building Project "E:\uic_structured\Lab8\task2\task2.vcxproj" (build target(s)).

Build succeeded.

Time Elapsed 00:00:00.76
