Build started 2020/3/30 19:08:00.
     1>Project "E:\uic_structured\Assignment2\Q2_prime\Q2_prime.vcxproj" on node 2 (build target(s)).
     1>InitializeBuildStatus:
         Creating "Debug\Q2_prime.unsuccessfulbuild" because "AlwaysCreate" was specified.
       ClCompile:
         D:\vs2010\VC\bin\CL.exe /c /ZI /nologo /W3 /WX- /Od /Oy- /D WIN32 /D _DEBUG /D _CONSOLE /D _UNICODE /D UNICODE /Gm /EHsc /RTC1 /MDd /GS /fp:precise /Zc:wchar_t /Zc:forScope /Fo"Debug\\" /Fd"Debug\vc100.pdb" /Gd /TP /analyze- /errorReport:prompt Q2_prime.cpp
         Q2_prime.cpp
     1>e:\uic_structured\assignment2\q2_prime\q2_prime.cpp(19): warning C4996: 'scanf': This function or variable may be unsafe. Consider using scanf_s instead. To disable deprecation, use _CRT_SECURE_NO_WARNINGS. See online help for details.
                 d:\vs2010\vc\include\stdio.h(304) : see declaration of 'scanf'
     1>e:\uic_structured\assignment2\q2_prime\q2_prime.cpp(74): warning C4715: 'judgePrime' : not all control paths return a value
       ManifestResourceCompile:
         C:\Program Files (x86)\Microsoft SDKs\Windows\v7.0A\bin\rc.exe /nologo /fo"Debug\Q2_prime.exe.embed.manifest.res" Debug\Q2_prime_manifest.rc 
       Link:
         D:\vs2010\VC\bin\link.exe /ERRORREPORT:PROMPT /OUT:"E:\uic_structured\Assignment2\Debug\Q2_prime.exe" /INCREMENTAL /NOLOGO kernel32.lib user32.lib gdi32.lib winspool.lib comdlg32.lib advapi32.lib shell32.lib ole32.lib oleaut32.lib uuid.lib odbc32.lib odbccp32.lib /MANIFEST /ManifestFile:"Debug\Q2_prime.exe.intermediate.manifest" /MANIFESTUAC:"level='asInvoker' uiAccess='false'" /DEBUG /PDB:"E:\uic_structured\Assignment2\Debug\Q2_prime.pdb" /SUBSYSTEM:CONSOLE /TLBID:1 /DYNAMICBASE /NXCOMPAT /IMPLIB:"E:\uic_structured\Assignment2\Debug\Q2_prime.lib" /MACHINE:X86 Debug\Q2_prime.exe.embed.manifest.res
         Debug\Q2_prime.obj
       Manifest:
         C:\Program Files (x86)\Microsoft SDKs\Windows\v7.0A\bin\mt.exe /nologo /verbose /out:"Debug\Q2_prime.exe.embed.manifest" /manifest Debug\Q2_prime.exe.intermediate.manifest
         C:\Program Files (x86)\Microsoft SDKs\Windows\v7.0A\bin\rc.exe /nologo /fo"Debug\Q2_prime.exe.embed.manifest.res" Debug\Q2_prime_manifest.rc 
       LinkEmbedManifest:
         D:\vs2010\VC\bin\link.exe /ERRORREPORT:PROMPT /OUT:"E:\uic_structured\Assignment2\Debug\Q2_prime.exe" /INCREMENTAL /NOLOGO kernel32.lib user32.lib gdi32.lib winspool.lib comdlg32.lib advapi32.lib shell32.lib ole32.lib oleaut32.lib uuid.lib odbc32.lib odbccp32.lib /MANIFEST /ManifestFile:"Debug\Q2_prime.exe.intermediate.manifest" /MANIFESTUAC:"level='asInvoker' uiAccess='false'" /DEBUG /PDB:"E:\uic_structured\Assignment2\Debug\Q2_prime.pdb" /SUBSYSTEM:CONSOLE /TLBID:1 /DYNAMICBASE /NXCOMPAT /IMPLIB:"E:\uic_structured\Assignment2\Debug\Q2_prime.lib" /MACHINE:X86 Debug\Q2_prime.exe.embed.manifest.res
         Debug\Q2_prime.obj
         Q2_prime.vcxproj -> E:\uic_structured\Assignment2\Debug\Q2_prime.exe
       FinalizeBuildStatus:
         Deleting file "Debug\Q2_prime.unsuccessfulbuild".
         Touching "Debug\Q2_prime.lastbuildstate".
     1>Done Building Project "E:\uic_structured\Assignment2\Q2_prime\Q2_prime.vcxproj" (build target(s)).

Build succeeded.

Time Elapsed 00:00:02.72
