Build started 2020/3/10 13:59:43.
     1>Project "E:\uic_structured\Assignment1\ass2\ass2.vcxproj" on node 2 (build target(s)).
     1>InitializeBuildStatus:
         Creating "Debug\ass2.unsuccessfulbuild" because "AlwaysCreate" was specified.
       ClCompile:
         D:\vs2010\VC\bin\CL.exe /c /ZI /nologo /W3 /WX- /Od /Oy- /D WIN32 /D _DEBUG /D _CONSOLE /D _UNICODE /D UNICODE /Gm /EHsc /RTC1 /MDd /GS /fp:precise /Zc:wchar_t /Zc:forScope /Fo"Debug\\" /Fd"Debug\vc100.pdb" /Gd /TP /analyze- /errorReport:prompt ass2.cpp
         ass2.cpp
     1>e:\uic_structured\assignment1\ass2\ass2.cpp(13): warning C4996: 'scanf': This function or variable may be unsafe. Consider using scanf_s instead. To disable deprecation, use _CRT_SECURE_NO_WARNINGS. See online help for details.
                 d:\vs2010\vc\include\stdio.h(304) : see declaration of 'scanf'
       ManifestResourceCompile:
         C:\Program Files (x86)\Microsoft SDKs\Windows\v7.0A\bin\rc.exe /nologo /fo"Debug\ass2.exe.embed.manifest.res" Debug\ass2_manifest.rc 
       Link:
         D:\vs2010\VC\bin\link.exe /ERRORREPORT:PROMPT /OUT:"E:\uic_structured\Assignment1\Debug\ass2.exe" /INCREMENTAL /NOLOGO kernel32.lib user32.lib gdi32.lib winspool.lib comdlg32.lib advapi32.lib shell32.lib ole32.lib oleaut32.lib uuid.lib odbc32.lib odbccp32.lib /MANIFEST /ManifestFile:"Debug\ass2.exe.intermediate.manifest" /MANIFESTUAC:"level='asInvoker' uiAccess='false'" /DEBUG /PDB:"E:\uic_structured\Assignment1\Debug\ass2.pdb" /SUBSYSTEM:CONSOLE /TLBID:1 /DYNAMICBASE /NXCOMPAT /IMPLIB:"E:\uic_structured\Assignment1\Debug\ass2.lib" /MACHINE:X86 Debug\ass2.exe.embed.manifest.res
         Debug\ass2.obj
       Manifest:
         C:\Program Files (x86)\Microsoft SDKs\Windows\v7.0A\bin\mt.exe /nologo /verbose /out:"Debug\ass2.exe.embed.manifest" /manifest Debug\ass2.exe.intermediate.manifest
         C:\Program Files (x86)\Microsoft SDKs\Windows\v7.0A\bin\rc.exe /nologo /fo"Debug\ass2.exe.embed.manifest.res" Debug\ass2_manifest.rc 
       LinkEmbedManifest:
         D:\vs2010\VC\bin\link.exe /ERRORREPORT:PROMPT /OUT:"E:\uic_structured\Assignment1\Debug\ass2.exe" /INCREMENTAL /NOLOGO kernel32.lib user32.lib gdi32.lib winspool.lib comdlg32.lib advapi32.lib shell32.lib ole32.lib oleaut32.lib uuid.lib odbc32.lib odbccp32.lib /MANIFEST /ManifestFile:"Debug\ass2.exe.intermediate.manifest" /MANIFESTUAC:"level='asInvoker' uiAccess='false'" /DEBUG /PDB:"E:\uic_structured\Assignment1\Debug\ass2.pdb" /SUBSYSTEM:CONSOLE /TLBID:1 /DYNAMICBASE /NXCOMPAT /IMPLIB:"E:\uic_structured\Assignment1\Debug\ass2.lib" /MACHINE:X86 Debug\ass2.exe.embed.manifest.res
         Debug\ass2.obj
         ass2.vcxproj -> E:\uic_structured\Assignment1\Debug\ass2.exe
       FinalizeBuildStatus:
         Deleting file "Debug\ass2.unsuccessfulbuild".
         Touching "Debug\ass2.lastbuildstate".
     1>Done Building Project "E:\uic_structured\Assignment1\ass2\ass2.vcxproj" (build target(s)).

Build succeeded.

Time Elapsed 00:00:01.20
