Build started 2020/3/10 16:02:04.
     1>Project "E:\uic_structured\Assignment1\ass4\ass4.vcxproj" on node 2 (build target(s)).
     1>InitializeBuildStatus:
         Creating "Debug\ass4.unsuccessfulbuild" because "AlwaysCreate" was specified.
       ClCompile:
         D:\vs2010\VC\bin\CL.exe /c /ZI /nologo /W3 /WX- /Od /Oy- /D WIN32 /D _DEBUG /D _CONSOLE /D _UNICODE /D UNICODE /Gm /EHsc /RTC1 /MDd /GS /fp:precise /Zc:wchar_t /Zc:forScope /Fo"Debug\\" /Fd"Debug\vc100.pdb" /Gd /TP /analyze- /errorReport:prompt ass4.cpp
         ass4.cpp
       ManifestResourceCompile:
         All outputs are up-to-date.
       Link:
         D:\vs2010\VC\bin\link.exe /ERRORREPORT:PROMPT /OUT:"E:\uic_structured\Assignment1\Debug\ass4.exe" /INCREMENTAL /NOLOGO kernel32.lib user32.lib gdi32.lib winspool.lib comdlg32.lib advapi32.lib shell32.lib ole32.lib oleaut32.lib uuid.lib odbc32.lib odbccp32.lib /MANIFEST /ManifestFile:"Debug\ass4.exe.intermediate.manifest" /MANIFESTUAC:"level='asInvoker' uiAccess='false'" /DEBUG /PDB:"E:\uic_structured\Assignment1\Debug\ass4.pdb" /SUBSYSTEM:CONSOLE /TLBID:1 /DYNAMICBASE /NXCOMPAT /IMPLIB:"E:\uic_structured\Assignment1\Debug\ass4.lib" /MACHINE:X86 Debug\ass4.exe.embed.manifest.res
         Debug\ass4.obj
       Manifest:
         C:\Program Files (x86)\Microsoft SDKs\Windows\v7.0A\bin\mt.exe /nologo /verbose /out:"Debug\ass4.exe.embed.manifest" /manifest Debug\ass4.exe.intermediate.manifest
         All outputs are up-to-date.
       LinkEmbedManifest:
         All outputs are up-to-date.
         ass4.vcxproj -> E:\uic_structured\Assignment1\Debug\ass4.exe
       FinalizeBuildStatus:
         Deleting file "Debug\ass4.unsuccessfulbuild".
         Touching "Debug\ass4.lastbuildstate".
     1>Done Building Project "E:\uic_structured\Assignment1\ass4\ass4.vcxproj" (build target(s)).

Build succeeded.

Time Elapsed 00:00:00.42
