Build started 2020/3/23 20:57:41.
     1>Project "E:\uic_structured\Exercise4\Exercise5\Exercise5.vcxproj" on node 2 (build target(s)).
     1>InitializeBuildStatus:
         Creating "Debug\Exercise5.unsuccessfulbuild" because "AlwaysCreate" was specified.
       ClCompile:
         D:\vs2010\VC\bin\CL.exe /c /ZI /nologo /W3 /WX- /Od /Oy- /D WIN32 /D _DEBUG /D _CONSOLE /D _UNICODE /D UNICODE /Gm /EHsc /RTC1 /MDd /GS /fp:precise /Zc:wchar_t /Zc:forScope /Fo"Debug\\" /Fd"Debug\vc100.pdb" /Gd /TP /analyze- /errorReport:prompt Exercise5.cpp
         Exercise5.cpp
     1>e:\uic_structured\exercise4\exercise5\exercise5.cpp(23): warning C4996: 'scanf': This function or variable may be unsafe. Consider using scanf_s instead. To disable deprecation, use _CRT_SECURE_NO_WARNINGS. See online help for details.
                 d:\vs2010\vc\include\stdio.h(304) : see declaration of 'scanf'
       ManifestResourceCompile:
         All outputs are up-to-date.
       Link:
         D:\vs2010\VC\bin\link.exe /ERRORREPORT:PROMPT /OUT:"E:\uic_structured\Exercise4\Debug\Exercise5.exe" /INCREMENTAL /NOLOGO kernel32.lib user32.lib gdi32.lib winspool.lib comdlg32.lib advapi32.lib shell32.lib ole32.lib oleaut32.lib uuid.lib odbc32.lib odbccp32.lib /MANIFEST /ManifestFile:"Debug\Exercise5.exe.intermediate.manifest" /MANIFESTUAC:"level='asInvoker' uiAccess='false'" /DEBUG /PDB:"E:\uic_structured\Exercise4\Debug\Exercise5.pdb" /SUBSYSTEM:CONSOLE /TLBID:1 /DYNAMICBASE /NXCOMPAT /IMPLIB:"E:\uic_structured\Exercise4\Debug\Exercise5.lib" /MACHINE:X86 Debug\Exercise5.exe.embed.manifest.res
         Debug\Exercise5.obj
       Manifest:
         C:\Program Files (x86)\Microsoft SDKs\Windows\v7.0A\bin\mt.exe /nologo /verbose /out:"Debug\Exercise5.exe.embed.manifest" /manifest Debug\Exercise5.exe.intermediate.manifest
         All outputs are up-to-date.
       LinkEmbedManifest:
         All outputs are up-to-date.
         Exercise5.vcxproj -> E:\uic_structured\Exercise4\Debug\Exercise5.exe
       FinalizeBuildStatus:
         Deleting file "Debug\Exercise5.unsuccessfulbuild".
         Touching "Debug\Exercise5.lastbuildstate".
     1>Done Building Project "E:\uic_structured\Exercise4\Exercise5\Exercise5.vcxproj" (build target(s)).

Build succeeded.

Time Elapsed 00:00:00.45
