Build started 2020/2/24 17:59:33.
     1>Project "E:\uic_structured\Lab2\Lab2\size_of\size_of.vcxproj" on node 2 (build target(s)).
     1>InitializeBuildStatus:
         Creating "Debug\size_of.unsuccessfulbuild" because "AlwaysCreate" was specified.
       ClCompile:
         D:\vs2010\VC\bin\CL.exe /c /ZI /nologo /W3 /WX- /Od /Oy- /D WIN32 /D _DEBUG /D _CONSOLE /D _UNICODE /D UNICODE /Gm /EHsc /RTC1 /MDd /GS /fp:precise /Zc:wchar_t /Zc:forScope /Fo"Debug\\" /Fd"Debug\vc100.pdb" /Gd /TP /analyze- /errorReport:prompt size_of.cpp
         size_of.cpp
       ManifestResourceCompile:
         All outputs are up-to-date.
       Link:
         D:\vs2010\VC\bin\link.exe /ERRORREPORT:PROMPT /OUT:"E:\uic_structured\Lab2\Lab2\Debug\size_of.exe" /INCREMENTAL /NOLOGO kernel32.lib user32.lib gdi32.lib winspool.lib comdlg32.lib advapi32.lib shell32.lib ole32.lib oleaut32.lib uuid.lib odbc32.lib odbccp32.lib /MANIFEST /ManifestFile:"Debug\size_of.exe.intermediate.manifest" /MANIFESTUAC:"level='asInvoker' uiAccess='false'" /DEBUG /PDB:"E:\uic_structured\Lab2\Lab2\Debug\size_of.pdb" /SUBSYSTEM:CONSOLE /TLBID:1 /DYNAMICBASE /NXCOMPAT /IMPLIB:"E:\uic_structured\Lab2\Lab2\Debug\size_of.lib" /MACHINE:X86 Debug\size_of.exe.embed.manifest.res
         Debug\size_of.obj
       Manifest:
         C:\Program Files (x86)\Microsoft SDKs\Windows\v7.0A\bin\mt.exe /nologo /verbose /out:"Debug\size_of.exe.embed.manifest" /manifest Debug\size_of.exe.intermediate.manifest
         All outputs are up-to-date.
       LinkEmbedManifest:
         All outputs are up-to-date.
         size_of.vcxproj -> E:\uic_structured\Lab2\Lab2\Debug\size_of.exe
       FinalizeBuildStatus:
         Deleting file "Debug\size_of.unsuccessfulbuild".
         Touching "Debug\size_of.lastbuildstate".
     1>Done Building Project "E:\uic_structured\Lab2\Lab2\size_of\size_of.vcxproj" (build target(s)).

Build succeeded.

Time Elapsed 00:00:01.86
