Build started 2020/5/6 19:55:26.
     1>Project "E:\uic_structured\Assignment4\task4_studentInfo\task4_studentInfo.vcxproj" on node 2 (build target(s)).
     1>InitializeBuildStatus:
         Creating "Debug\task4_studentInfo.unsuccessfulbuild" because "AlwaysCreate" was specified.
       ClCompile:
         D:\vs2010\VC\bin\CL.exe /c /ZI /nologo /W3 /WX- /Od /Oy- /D WIN32 /D _DEBUG /D _CONSOLE /D _UNICODE /D UNICODE /Gm /EHsc /RTC1 /MDd /GS /fp:precise /Zc:wchar_t /Zc:forScope /Fo"Debug\\" /Fd"Debug\vc100.pdb" /Gd /TP /analyze- /errorReport:prompt task4_studentInfo.cpp
         task4_studentInfo.cpp
     1>e:\uic_structured\assignment4\task4_studentinfo\task4_studentinfo.cpp(34): warning C4996: 'scanf': This function or variable may be unsafe. Consider using scanf_s instead. To disable deprecation, use _CRT_SECURE_NO_WARNINGS. See online help for details.
                 d:\vs2010\vc\include\stdio.h(304) : see declaration of 'scanf'
       ManifestResourceCompile:
         All outputs are up-to-date.
       Link:
         D:\vs2010\VC\bin\link.exe /ERRORREPORT:PROMPT /OUT:"E:\uic_structured\Assignment4\Debug\task4_studentInfo.exe" /INCREMENTAL /NOLOGO kernel32.lib user32.lib gdi32.lib winspool.lib comdlg32.lib advapi32.lib shell32.lib ole32.lib oleaut32.lib uuid.lib odbc32.lib odbccp32.lib /MANIFEST /ManifestFile:"Debug\task4_studentInfo.exe.intermediate.manifest" /MANIFESTUAC:"level='asInvoker' uiAccess='false'" /DEBUG /PDB:"E:\uic_structured\Assignment4\Debug\task4_studentInfo.pdb" /SUBSYSTEM:CONSOLE /TLBID:1 /DYNAMICBASE /NXCOMPAT /IMPLIB:"E:\uic_structured\Assignment4\Debug\task4_studentInfo.lib" /MACHINE:X86 Debug\task4_studentInfo.exe.embed.manifest.res
         Debug\task4_studentInfo.obj
       Manifest:
         C:\Program Files (x86)\Microsoft SDKs\Windows\v7.0A\bin\mt.exe /nologo /verbose /out:"Debug\task4_studentInfo.exe.embed.manifest" /manifest Debug\task4_studentInfo.exe.intermediate.manifest
         All outputs are up-to-date.
       LinkEmbedManifest:
         All outputs are up-to-date.
         task4_studentInfo.vcxproj -> E:\uic_structured\Assignment4\Debug\task4_studentInfo.exe
       FinalizeBuildStatus:
         Deleting file "Debug\task4_studentInfo.unsuccessfulbuild".
         Touching "Debug\task4_studentInfo.lastbuildstate".
     1>Done Building Project "E:\uic_structured\Assignment4\task4_studentInfo\task4_studentInfo.vcxproj" (build target(s)).

Build succeeded.

Time Elapsed 00:00:00.44
