Build started 2020/5/22 15:58:13.
     1>Project "E:\uic_structured\GPFinal\FinalCode\FinalCode\FinalCode.vcxproj" on node 2 (build target(s)).
     1>InitializeBuildStatus:
         Creating "Debug\FinalCode.unsuccessfulbuild" because "AlwaysCreate" was specified.
       ClCompile:
         D:\vs2010\VC\bin\CL.exe /c /ZI /nologo /W3 /WX- /Od /Oy- /D WIN32 /D _DEBUG /D _CONSOLE /D _UNICODE /D UNICODE /Gm /EHsc /RTC1 /MDd /GS /fp:precise /Zc:wchar_t /Zc:forScope /Fo"Debug\\" /Fd"Debug\vc100.pdb" /Gd /TP /analyze- /errorReport:prompt finalCode.cpp
         finalCode.cpp
     1>e:\uic_structured\gpfinal\finalcode\finalcode\finalcode.cpp(126): warning C4101: 'math' : unreferenced local variable
     1>e:\uic_structured\gpfinal\finalcode\finalcode\finalcode.cpp(213): warning C4101: 'num' : unreferenced local variable
     1>e:\uic_structured\gpfinal\finalcode\finalcode\finalcode.cpp(212): warning C4101: 'name' : unreferenced local variable
     1>e:\uic_structured\gpfinal\finalcode\finalcode\finalcode.cpp(265): warning C4101: 'j' : unreferenced local variable
       ManifestResourceCompile:
         All outputs are up-to-date.
       Link:
         D:\vs2010\VC\bin\link.exe /ERRORREPORT:PROMPT /OUT:"E:\uic_structured\GPFinal\FinalCode\Debug\FinalCode.exe" /INCREMENTAL /NOLOGO kernel32.lib user32.lib gdi32.lib winspool.lib comdlg32.lib advapi32.lib shell32.lib ole32.lib oleaut32.lib uuid.lib odbc32.lib odbccp32.lib /MANIFEST /ManifestFile:"Debug\FinalCode.exe.intermediate.manifest" /MANIFESTUAC:"level='asInvoker' uiAccess='false'" /DEBUG /PDB:"E:\uic_structured\GPFinal\FinalCode\Debug\FinalCode.pdb" /SUBSYSTEM:CONSOLE /TLBID:1 /DYNAMICBASE /NXCOMPAT /IMPLIB:"E:\uic_structured\GPFinal\FinalCode\Debug\FinalCode.lib" /MACHINE:X86 Debug\FinalCode.exe.embed.manifest.res
         Debug\finalCode.obj
       Manifest:
         C:\Program Files (x86)\Microsoft SDKs\Windows\v7.0A\bin\mt.exe /nologo /verbose /out:"Debug\FinalCode.exe.embed.manifest" /manifest Debug\FinalCode.exe.intermediate.manifest
         All outputs are up-to-date.
       LinkEmbedManifest:
         All outputs are up-to-date.
         FinalCode.vcxproj -> E:\uic_structured\GPFinal\FinalCode\Debug\FinalCode.exe
       FinalizeBuildStatus:
         Deleting file "Debug\FinalCode.unsuccessfulbuild".
         Touching "Debug\FinalCode.lastbuildstate".
     1>Done Building Project "E:\uic_structured\GPFinal\FinalCode\FinalCode\FinalCode.vcxproj" (build target(s)).

Build succeeded.

Time Elapsed 00:00:08.14
