Build started 2020/4/2 21:28:32.
     1>Project "E:\uic_structured\Assignment2\Q4_SortNumbers\Q4_SortNumbers.vcxproj" on node 2 (build target(s)).
     1>InitializeBuildStatus:
         Creating "Debug\Q4_SortNumbers.unsuccessfulbuild" because "AlwaysCreate" was specified.
       ClCompile:
         D:\vs2010\VC\bin\CL.exe /c /ZI /nologo /W3 /WX- /Od /Oy- /D WIN32 /D _DEBUG /D _CONSOLE /D _UNICODE /D UNICODE /Gm /EHsc /RTC1 /MDd /GS /fp:precise /Zc:wchar_t /Zc:forScope /Fo"Debug\\" /Fd"Debug\vc100.pdb" /Gd /TP /analyze- /errorReport:prompt Q4_sortNumbers.cpp
         Q4_sortNumbers.cpp
     1>e:\uic_structured\assignment2\q4_sortnumbers\q4_sortnumbers.cpp(29): warning C4996: 'scanf': This function or variable may be unsafe. Consider using scanf_s instead. To disable deprecation, use _CRT_SECURE_NO_WARNINGS. See online help for details.
                 d:\vs2010\vc\include\stdio.h(304) : see declaration of 'scanf'
     1>e:\uic_structured\assignment2\q4_sortnumbers\q4_sortnumbers.cpp(31): warning C4996: 'scanf': This function or variable may be unsafe. Consider using scanf_s instead. To disable deprecation, use _CRT_SECURE_NO_WARNINGS. See online help for details.
                 d:\vs2010\vc\include\stdio.h(304) : see declaration of 'scanf'
     1>e:\uic_structured\assignment2\q4_sortnumbers\q4_sortnumbers.cpp(38): warning C4996: 'scanf': This function or variable may be unsafe. Consider using scanf_s instead. To disable deprecation, use _CRT_SECURE_NO_WARNINGS. See online help for details.
                 d:\vs2010\vc\include\stdio.h(304) : see declaration of 'scanf'
     1>e:\uic_structured\assignment2\q4_sortnumbers\q4_sortnumbers.cpp(63): warning C4101: 'i' : unreferenced local variable
       ManifestResourceCompile:
         All outputs are up-to-date.
       Link:
         D:\vs2010\VC\bin\link.exe /ERRORREPORT:PROMPT /OUT:"E:\uic_structured\Assignment2\Debug\Q4_SortNumbers.exe" /INCREMENTAL /NOLOGO kernel32.lib user32.lib gdi32.lib winspool.lib comdlg32.lib advapi32.lib shell32.lib ole32.lib oleaut32.lib uuid.lib odbc32.lib odbccp32.lib /MANIFEST /ManifestFile:"Debug\Q4_SortNumbers.exe.intermediate.manifest" /MANIFESTUAC:"level='asInvoker' uiAccess='false'" /DEBUG /PDB:"E:\uic_structured\Assignment2\Debug\Q4_SortNumbers.pdb" /SUBSYSTEM:CONSOLE /TLBID:1 /DYNAMICBASE /NXCOMPAT /IMPLIB:"E:\uic_structured\Assignment2\Debug\Q4_SortNumbers.lib" /MACHINE:X86 Debug\Q4_SortNumbers.exe.embed.manifest.res
         Debug\Q4_sortNumbers.obj
       Manifest:
         C:\Program Files (x86)\Microsoft SDKs\Windows\v7.0A\bin\mt.exe /nologo /verbose /out:"Debug\Q4_SortNumbers.exe.embed.manifest" /manifest Debug\Q4_SortNumbers.exe.intermediate.manifest
         All outputs are up-to-date.
       LinkEmbedManifest:
         All outputs are up-to-date.
         Q4_SortNumbers.vcxproj -> E:\uic_structured\Assignment2\Debug\Q4_SortNumbers.exe
       FinalizeBuildStatus:
         Deleting file "Debug\Q4_SortNumbers.unsuccessfulbuild".
         Touching "Debug\Q4_SortNumbers.lastbuildstate".
     1>Done Building Project "E:\uic_structured\Assignment2\Q4_SortNumbers\Q4_SortNumbers.vcxproj" (build target(s)).

Build succeeded.

Time Elapsed 00:00:00.74
