E:\UIC_STRUCTURED\LAB3\DEBUG\TASK2.EXE
E:\UIC_STRUCTURED\LAB3\DEBUG\TASK2.ILK
E:\UIC_STRUCTURED\LAB3\DEBUG\TASK2.PDB
E:\uic_structured\Lab3\task2\Debug\cl.command.1.tlog
E:\uic_structured\Lab3\task2\Debug\CL.read.1.tlog
E:\uic_structured\Lab3\task2\Debug\CL.write.1.tlog
E:\uic_structured\Lab3\task2\Debug\link.13248.read.1.tlog
E:\uic_structured\Lab3\task2\Debug\link.13248.write.1.tlog
E:\uic_structured\Lab3\task2\Debug\link.13248-cvtres.read.1.tlog
E:\uic_structured\Lab3\task2\Debug\link.13248-cvtres.write.1.tlog
E:\uic_structured\Lab3\task2\Debug\link.command.1.tlog
E:\uic_structured\Lab3\task2\Debug\link.read.1.tlog
E:\uic_structured\Lab3\task2\Debug\link.write.1.tlog
E:\uic_structured\Lab3\task2\Debug\link-cvtres.read.1.tlog
E:\uic_structured\Lab3\task2\Debug\link-cvtres.write.1.tlog
E:\uic_structured\Lab3\task2\Debug\mt.command.1.tlog
E:\uic_structured\Lab3\task2\Debug\mt.read.1.tlog
E:\uic_structured\Lab3\task2\Debug\mt.write.1.tlog
E:\uic_structured\Lab3\task2\Debug\rc.command.1.tlog
E:\uic_structured\Lab3\task2\Debug\rc.read.1.tlog
E:\uic_structured\Lab3\task2\Debug\rc.write.1.tlog
E:\UIC_STRUCTURED\LAB3\TASK2\DEBUG\TASK2.EXE.EMBED.MANIFEST
E:\UIC_STRUCTURED\LAB3\TASK2\DEBUG\TASK2.EXE.EMBED.MANIFEST.RES
E:\UIC_STRUCTURED\LAB3\TASK2\DEBUG\TASK2.EXE.INTERMEDIATE.MANIFEST
E:\UIC_STRUCTURED\LAB3\TASK2\DEBUG\TASK2.OBJ
E:\uic_structured\Lab3\task2\Debug\task2.write.1.tlog
E:\uic_structured\Lab3\task2\Debug\task2_manifest.rc
E:\uic_structured\Lab3\task2\Debug\vc100.idb
E:\UIC_STRUCTURED\LAB3\TASK2\DEBUG\VC100.PDB
