Build started 2020/4/2 21:28:20.
     1>Project "E:\uic_structured\Assignment2\Q3_RemoveLetters\Q3_RemoveLetters.vcxproj" on node 2 (build target(s)).
     1>InitializeBuildStatus:
         Creating "Debug\Q3_RemoveLetters.unsuccessfulbuild" because "AlwaysCreate" was specified.
       ClCompile:
         D:\vs2010\VC\bin\CL.exe /c /ZI /nologo /W3 /WX- /Od /Oy- /D WIN32 /D _DEBUG /D _CONSOLE /D _UNICODE /D UNICODE /Gm /EHsc /RTC1 /MDd /GS /fp:precise /Zc:wchar_t /Zc:forScope /Fo"Debug\\" /Fd"Debug\vc100.pdb" /Gd /TP /analyze- /errorReport:prompt Q3_RemoveLetters.cpp
         Q3_RemoveLetters.cpp
       ManifestResourceCompile:
         All outputs are up-to-date.
       Link:
         D:\vs2010\VC\bin\link.exe /ERRORREPORT:PROMPT /OUT:"E:\uic_structured\Assignment2\Debug\Q3_RemoveLetters.exe" /INCREMENTAL /NOLOGO kernel32.lib user32.lib gdi32.lib winspool.lib comdlg32.lib advapi32.lib shell32.lib ole32.lib oleaut32.lib uuid.lib odbc32.lib odbccp32.lib /MANIFEST /ManifestFile:"Debug\Q3_RemoveLetters.exe.intermediate.manifest" /MANIFESTUAC:"level='asInvoker' uiAccess='false'" /DEBUG /PDB:"E:\uic_structured\Assignment2\Debug\Q3_RemoveLetters.pdb" /SUBSYSTEM:CONSOLE /TLBID:1 /DYNAMICBASE /NXCOMPAT /IMPLIB:"E:\uic_structured\Assignment2\Debug\Q3_RemoveLetters.lib" /MACHINE:X86 Debug\Q3_RemoveLetters.exe.embed.manifest.res
         Debug\Q3_RemoveLetters.obj
       Manifest:
         C:\Program Files (x86)\Microsoft SDKs\Windows\v7.0A\bin\mt.exe /nologo /verbose /out:"Debug\Q3_RemoveLetters.exe.embed.manifest" /manifest Debug\Q3_RemoveLetters.exe.intermediate.manifest
         All outputs are up-to-date.
       LinkEmbedManifest:
         All outputs are up-to-date.
         Q3_RemoveLetters.vcxproj -> E:\uic_structured\Assignment2\Debug\Q3_RemoveLetters.exe
       FinalizeBuildStatus:
         Deleting file "Debug\Q3_RemoveLetters.unsuccessfulbuild".
         Touching "Debug\Q3_RemoveLetters.lastbuildstate".
     1>Done Building Project "E:\uic_structured\Assignment2\Q3_RemoveLetters\Q3_RemoveLetters.vcxproj" (build target(s)).

Build succeeded.

Time Elapsed 00:00:00.76
